<?xml version="1.0" encoding="utf-8"?>
<CoverageSession xmlns:xsd="http://www.w3.org/2001/XMLSchema" xmlns:xsi="http://www.w3.org/2001/XMLSchema-instance" Version="4.6.0.0">
  <Summary numSequencePoints="85" visitedSequencePoints="36" numBranchPoints="45" visitedBranchPoints="19" sequenceCoverage="42.35" branchCoverage="42.22" maxCyclomaticComplexity="10" minCyclomaticComplexity="1" maxCrapScore="110" minCrapScore="1" visitedClasses="2" numClasses="4" visitedMethods="7" numMethods="11" />
  <Modules>
    <Module hash="6C-1F-E1-CF-18-69-31-BD-9C-4C-8C-39-AA-97-4E-30-D3-A2-20-B9">
      <Summary numSequencePoints="25" visitedSequencePoints="8" numBranchPoints="19" visitedBranchPoints="7" sequenceCoverage="32" branchCoverage="36.84" maxCyclomaticComplexity="4" minCyclomaticComplexity="0" maxCrapScore="20" minCrapScore="0" visitedClasses="1" numClasses="3" visitedMethods="1" numMethods="3" />
      <ModulePath>C:\Users\Luiz Arndt\Desktop\NDD\Reforço\NDD-Reforco3\NDD-Reforco3.Aplicacao.Teste\bin\Debug\Exercicio3Reforco.Dominio.dll</ModulePath>
      <ModuleTime>2018-06-06T07:10:04.3786039Z</ModuleTime>
      <ModuleName>Exercicio3Reforco.Dominio</ModuleName>
      <Files>
        <File uid="1" fullPath="C:\Users\Luiz Arndt\Desktop\NDD\Reforço\NDD-Reforco3\Exercicio3Reforco.Dominio\Features\Alocacoes\Alocacao.cs" />
        <File uid="2" fullPath="C:\Users\Luiz Arndt\Desktop\NDD\Reforço\NDD-Reforco3\Exercicio3Reforco.Dominio\Base\Entidade.cs" />
        <File uid="3" fullPath="C:\Users\Luiz Arndt\Desktop\NDD\Reforço\NDD-Reforco3\Exercicio3Reforco.Dominio\Features\Funcionarios\Funcionario.cs" />
        <File uid="4" fullPath="C:\Users\Luiz Arndt\Desktop\NDD\Reforço\NDD-Reforco3\Exercicio3Reforco.Dominio\Features\Salas\Sala.cs" />
      </Files>
      <Classes>
        <Class>
          <Summary numSequencePoints="8" visitedSequencePoints="8" numBranchPoints="7" visitedBranchPoints="7" sequenceCoverage="100" branchCoverage="100" maxCyclomaticComplexity="4" minCyclomaticComplexity="1" maxCrapScore="4" minCrapScore="2" visitedClasses="1" numClasses="1" visitedMethods="1" numMethods="1" />
          <FullName>Exercicio3Reforco.Dominio.Alocacao</FullName>
          <Methods>
            <Method skippedDueTo="AutoImplementedProperty" visited="false" cyclomaticComplexity="1" nPathComplexity="0" sequenceCoverage="0" branchCoverage="0" crapScore="0" isConstructor="false" isStatic="false" isGetter="true" isSetter="false">
              <MetadataToken>100663297</MetadataToken>
              <Name>Exercicio3Reforco.Dominio.Sala Exercicio3Reforco.Dominio.Alocacao::get_Sala()</Name>
              <FileRef uid="1" />
              <SequencePoints />
              <BranchPoints />
            </Method>
            <Method skippedDueTo="AutoImplementedProperty" visited="false" cyclomaticComplexity="1" nPathComplexity="0" sequenceCoverage="0" branchCoverage="0" crapScore="0" isConstructor="false" isStatic="false" isGetter="false" isSetter="true">
              <MetadataToken>100663298</MetadataToken>
              <Name>System.Void Exercicio3Reforco.Dominio.Alocacao::set_Sala(Exercicio3Reforco.Dominio.Sala)</Name>
              <FileRef uid="1" />
              <SequencePoints />
              <BranchPoints />
            </Method>
            <Method skippedDueTo="AutoImplementedProperty" visited="false" cyclomaticComplexity="1" nPathComplexity="0" sequenceCoverage="0" branchCoverage="0" crapScore="0" isConstructor="false" isStatic="false" isGetter="true" isSetter="false">
              <MetadataToken>100663299</MetadataToken>
              <Name>Exercicio3Reforco.Dominio.Funcionario Exercicio3Reforco.Dominio.Alocacao::get_Funcionario()</Name>
              <FileRef uid="1" />
              <SequencePoints />
              <BranchPoints />
            </Method>
            <Method skippedDueTo="AutoImplementedProperty" visited="false" cyclomaticComplexity="1" nPathComplexity="0" sequenceCoverage="0" branchCoverage="0" crapScore="0" isConstructor="false" isStatic="false" isGetter="false" isSetter="true">
              <MetadataToken>100663300</MetadataToken>
              <Name>System.Void Exercicio3Reforco.Dominio.Alocacao::set_Funcionario(Exercicio3Reforco.Dominio.Funcionario)</Name>
              <FileRef uid="1" />
              <SequencePoints />
              <BranchPoints />
            </Method>
            <Method skippedDueTo="AutoImplementedProperty" visited="false" cyclomaticComplexity="1" nPathComplexity="0" sequenceCoverage="0" branchCoverage="0" crapScore="0" isConstructor="false" isStatic="false" isGetter="true" isSetter="false">
              <MetadataToken>100663301</MetadataToken>
              <Name>System.Nullable`1&lt;System.DateTime&gt; Exercicio3Reforco.Dominio.Alocacao::get_DataAlocacao()</Name>
              <FileRef uid="1" />
              <SequencePoints />
              <BranchPoints />
            </Method>
            <Method skippedDueTo="AutoImplementedProperty" visited="false" cyclomaticComplexity="1" nPathComplexity="0" sequenceCoverage="0" branchCoverage="0" crapScore="0" isConstructor="false" isStatic="false" isGetter="false" isSetter="true">
              <MetadataToken>100663302</MetadataToken>
              <Name>System.Void Exercicio3Reforco.Dominio.Alocacao::set_DataAlocacao(System.Nullable`1&lt;System.DateTime&gt;)</Name>
              <FileRef uid="1" />
              <SequencePoints />
              <BranchPoints />
            </Method>
            <Method visited="true" cyclomaticComplexity="4" nPathComplexity="8" sequenceCoverage="100" branchCoverage="100" crapScore="4" isConstructor="false" isStatic="false" isGetter="false" isSetter="false">
              <Summary numSequencePoints="8" visitedSequencePoints="8" numBranchPoints="7" visitedBranchPoints="7" sequenceCoverage="100" branchCoverage="100" maxCyclomaticComplexity="4" minCyclomaticComplexity="4" maxCrapScore="4" minCrapScore="4" visitedClasses="0" numClasses="0" visitedMethods="1" numMethods="1" />
              <MetadataToken>100663303</MetadataToken>
              <Name>System.Void Exercicio3Reforco.Dominio.Alocacao::Validar()</Name>
              <FileRef uid="1" />
              <SequencePoints>
                <SequencePoint vc="6" uspid="1" ordinal="0" offset="0" sl="16" sc="9" el="16" ec="10" bec="0" bev="0" fileid="1" />
                <SequencePoint vc="6" uspid="2" ordinal="1" offset="1" sl="17" sc="13" el="17" ec="30" bec="2" bev="2" fileid="1" />
                <SequencePoint vc="1" uspid="3" ordinal="2" offset="14" sl="18" sc="17" el="18" ec="52" bec="0" bev="0" fileid="1" />
                <SequencePoint vc="5" uspid="4" ordinal="3" offset="20" sl="19" sc="13" el="19" ec="36" bec="2" bev="2" fileid="1" />
                <SequencePoint vc="1" uspid="5" ordinal="4" offset="33" sl="20" sc="17" el="20" ec="52" bec="0" bev="0" fileid="1" />
                <SequencePoint vc="4" uspid="6" ordinal="5" offset="39" sl="21" sc="13" el="21" ec="38" bec="2" bev="2" fileid="1" />
                <SequencePoint vc="1" uspid="7" ordinal="6" offset="60" sl="22" sc="17" el="22" ec="52" bec="0" bev="0" fileid="1" />
                <SequencePoint vc="3" uspid="8" ordinal="7" offset="66" sl="23" sc="9" el="23" ec="10" bec="0" bev="0" fileid="1" />
              </SequencePoints>
              <BranchPoints>
                <BranchPoint vc="1" uspid="9" ordinal="0" offset="12" sl="17" path="0" offsetend="14" fileid="1" />
                <BranchPoint vc="5" uspid="10" ordinal="1" offset="12" sl="17" path="1" offsetend="20" fileid="1" />
                <BranchPoint vc="1" uspid="11" ordinal="2" offset="31" sl="19" path="0" offsetend="33" fileid="1" />
                <BranchPoint vc="4" uspid="12" ordinal="3" offset="31" sl="19" path="1" offsetend="39" fileid="1" />
                <BranchPoint vc="1" uspid="13" ordinal="4" offset="58" sl="21" path="0" offsetend="60" fileid="1" />
                <BranchPoint vc="3" uspid="14" ordinal="5" offset="58" sl="21" path="1" offsetend="66" fileid="1" />
              </BranchPoints>
              <MethodPoint xsi:type="SequencePoint" vc="6" uspid="1" ordinal="0" offset="0" sl="16" sc="9" el="16" ec="10" bec="0" bev="0" fileid="1" />
            </Method>
            <Method visited="false" cyclomaticComplexity="1" nPathComplexity="0" sequenceCoverage="0" branchCoverage="0" crapScore="2" isConstructor="true" isStatic="false" isGetter="false" isSetter="false">
              <Summary numSequencePoints="0" visitedSequencePoints="0" numBranchPoints="0" visitedBranchPoints="0" sequenceCoverage="0" branchCoverage="0" maxCyclomaticComplexity="1" minCyclomaticComplexity="1" maxCrapScore="2" minCrapScore="2" visitedClasses="0" numClasses="0" visitedMethods="0" numMethods="0" />
              <MetadataToken>100663304</MetadataToken>
              <Name>System.Void Exercicio3Reforco.Dominio.Alocacao::.ctor()</Name>
              <SequencePoints />
              <BranchPoints />
              <MethodPoint vc="0" uspid="15" ordinal="0" offset="0" />
            </Method>
          </Methods>
        </Class>
        <Class>
          <Summary numSequencePoints="0" visitedSequencePoints="0" numBranchPoints="0" visitedBranchPoints="0" sequenceCoverage="0" branchCoverage="0" maxCyclomaticComplexity="1" minCyclomaticComplexity="1" maxCrapScore="2" minCrapScore="2" visitedClasses="0" numClasses="0" visitedMethods="0" numMethods="0" />
          <FullName>Exercicio3Reforco.Dominio.Entidade</FullName>
          <Methods>
            <Method skippedDueTo="AutoImplementedProperty" visited="false" cyclomaticComplexity="1" nPathComplexity="0" sequenceCoverage="0" branchCoverage="0" crapScore="0" isConstructor="false" isStatic="false" isGetter="true" isSetter="false">
              <MetadataToken>100663305</MetadataToken>
              <Name>System.Int64 Exercicio3Reforco.Dominio.Entidade::get_Id()</Name>
              <FileRef uid="2" />
              <SequencePoints />
              <BranchPoints />
            </Method>
            <Method skippedDueTo="AutoImplementedProperty" visited="false" cyclomaticComplexity="1" nPathComplexity="0" sequenceCoverage="0" branchCoverage="0" crapScore="0" isConstructor="false" isStatic="false" isGetter="false" isSetter="true">
              <MetadataToken>100663306</MetadataToken>
              <Name>System.Void Exercicio3Reforco.Dominio.Entidade::set_Id(System.Int64)</Name>
              <FileRef uid="2" />
              <SequencePoints />
              <BranchPoints />
            </Method>
            <Method visited="false" cyclomaticComplexity="1" nPathComplexity="0" sequenceCoverage="0" branchCoverage="0" crapScore="2" isConstructor="true" isStatic="false" isGetter="false" isSetter="false">
              <Summary numSequencePoints="0" visitedSequencePoints="0" numBranchPoints="0" visitedBranchPoints="0" sequenceCoverage="0" branchCoverage="0" maxCyclomaticComplexity="1" minCyclomaticComplexity="1" maxCrapScore="2" minCrapScore="2" visitedClasses="0" numClasses="0" visitedMethods="0" numMethods="0" />
              <MetadataToken>100663308</MetadataToken>
              <Name>System.Void Exercicio3Reforco.Dominio.Entidade::.ctor()</Name>
              <SequencePoints />
              <BranchPoints />
              <MethodPoint vc="0" uspid="16" ordinal="0" offset="0" />
            </Method>
          </Methods>
        </Class>
        <Class>
          <Summary numSequencePoints="11" visitedSequencePoints="0" numBranchPoints="7" visitedBranchPoints="0" sequenceCoverage="0" branchCoverage="0" maxCyclomaticComplexity="4" minCyclomaticComplexity="1" maxCrapScore="20" minCrapScore="2" visitedClasses="0" numClasses="1" visitedMethods="0" numMethods="1" />
          <FullName>Exercicio3Reforco.Dominio.Funcionario</FullName>
          <Methods>
            <Method skippedDueTo="AutoImplementedProperty" visited="false" cyclomaticComplexity="1" nPathComplexity="0" sequenceCoverage="0" branchCoverage="0" crapScore="0" isConstructor="false" isStatic="false" isGetter="true" isSetter="false">
              <MetadataToken>100663309</MetadataToken>
              <Name>System.String Exercicio3Reforco.Dominio.Funcionario::get_NomeFuncionario()</Name>
              <FileRef uid="3" />
              <SequencePoints />
              <BranchPoints />
            </Method>
            <Method skippedDueTo="AutoImplementedProperty" visited="false" cyclomaticComplexity="1" nPathComplexity="0" sequenceCoverage="0" branchCoverage="0" crapScore="0" isConstructor="false" isStatic="false" isGetter="false" isSetter="true">
              <MetadataToken>100663310</MetadataToken>
              <Name>System.Void Exercicio3Reforco.Dominio.Funcionario::set_NomeFuncionario(System.String)</Name>
              <FileRef uid="3" />
              <SequencePoints />
              <BranchPoints />
            </Method>
            <Method skippedDueTo="AutoImplementedProperty" visited="false" cyclomaticComplexity="1" nPathComplexity="0" sequenceCoverage="0" branchCoverage="0" crapScore="0" isConstructor="false" isStatic="false" isGetter="true" isSetter="false">
              <MetadataToken>100663311</MetadataToken>
              <Name>System.String Exercicio3Reforco.Dominio.Funcionario::get_Cargo()</Name>
              <FileRef uid="3" />
              <SequencePoints />
              <BranchPoints />
            </Method>
            <Method skippedDueTo="AutoImplementedProperty" visited="false" cyclomaticComplexity="1" nPathComplexity="0" sequenceCoverage="0" branchCoverage="0" crapScore="0" isConstructor="false" isStatic="false" isGetter="false" isSetter="true">
              <MetadataToken>100663312</MetadataToken>
              <Name>System.Void Exercicio3Reforco.Dominio.Funcionario::set_Cargo(System.String)</Name>
              <FileRef uid="3" />
              <SequencePoints />
              <BranchPoints />
            </Method>
            <Method skippedDueTo="AutoImplementedProperty" visited="false" cyclomaticComplexity="1" nPathComplexity="0" sequenceCoverage="0" branchCoverage="0" crapScore="0" isConstructor="false" isStatic="false" isGetter="true" isSetter="false">
              <MetadataToken>100663313</MetadataToken>
              <Name>System.Int32 Exercicio3Reforco.Dominio.Funcionario::get_Ramal()</Name>
              <FileRef uid="3" />
              <SequencePoints />
              <BranchPoints />
            </Method>
            <Method skippedDueTo="AutoImplementedProperty" visited="false" cyclomaticComplexity="1" nPathComplexity="0" sequenceCoverage="0" branchCoverage="0" crapScore="0" isConstructor="false" isStatic="false" isGetter="false" isSetter="true">
              <MetadataToken>100663314</MetadataToken>
              <Name>System.Void Exercicio3Reforco.Dominio.Funcionario::set_Ramal(System.Int32)</Name>
              <FileRef uid="3" />
              <SequencePoints />
              <BranchPoints />
            </Method>
            <Method visited="false" cyclomaticComplexity="4" nPathComplexity="8" sequenceCoverage="0" branchCoverage="0" crapScore="20" isConstructor="false" isStatic="false" isGetter="false" isSetter="false">
              <Summary numSequencePoints="11" visitedSequencePoints="0" numBranchPoints="7" visitedBranchPoints="0" sequenceCoverage="0" branchCoverage="0" maxCyclomaticComplexity="4" minCyclomaticComplexity="4" maxCrapScore="20" minCrapScore="20" visitedClasses="0" numClasses="0" visitedMethods="0" numMethods="1" />
              <MetadataToken>100663315</MetadataToken>
              <Name>System.Void Exercicio3Reforco.Dominio.Funcionario::Validar()</Name>
              <FileRef uid="3" />
              <SequencePoints>
                <SequencePoint vc="0" uspid="17" ordinal="0" offset="0" sl="17" sc="9" el="17" ec="10" bec="0" bev="0" fileid="3" />
                <SequencePoint vc="0" uspid="18" ordinal="1" offset="1" sl="18" sc="13" el="18" ec="54" bec="2" bev="0" fileid="3" />
                <SequencePoint vc="0" uspid="19" ordinal="2" offset="16" sl="19" sc="13" el="19" ec="14" bec="0" bev="0" fileid="3" />
                <SequencePoint vc="0" uspid="20" ordinal="3" offset="17" sl="20" sc="17" el="20" ec="56" bec="0" bev="0" fileid="3" />
                <SequencePoint vc="0" uspid="21" ordinal="4" offset="23" sl="22" sc="13" el="22" ec="44" bec="2" bev="0" fileid="3" />
                <SequencePoint vc="0" uspid="22" ordinal="5" offset="38" sl="23" sc="13" el="23" ec="14" bec="0" bev="0" fileid="3" />
                <SequencePoint vc="0" uspid="23" ordinal="6" offset="39" sl="24" sc="17" el="24" ec="56" bec="0" bev="0" fileid="3" />
                <SequencePoint vc="0" uspid="24" ordinal="7" offset="45" sl="26" sc="13" el="26" ec="27" bec="2" bev="0" fileid="3" />
                <SequencePoint vc="0" uspid="25" ordinal="8" offset="58" sl="27" sc="13" el="27" ec="14" bec="0" bev="0" fileid="3" />
                <SequencePoint vc="0" uspid="26" ordinal="9" offset="59" sl="28" sc="17" el="28" ec="44" bec="0" bev="0" fileid="3" />
                <SequencePoint vc="0" uspid="27" ordinal="10" offset="65" sl="30" sc="9" el="30" ec="10" bec="0" bev="0" fileid="3" />
              </SequencePoints>
              <BranchPoints>
                <BranchPoint vc="0" uspid="28" ordinal="0" offset="14" sl="18" path="0" offsetend="16" fileid="3" />
                <BranchPoint vc="0" uspid="29" ordinal="1" offset="14" sl="18" path="1" offsetend="23" fileid="3" />
                <BranchPoint vc="0" uspid="30" ordinal="2" offset="36" sl="22" path="0" offsetend="38" fileid="3" />
                <BranchPoint vc="0" uspid="31" ordinal="3" offset="36" sl="22" path="1" offsetend="45" fileid="3" />
                <BranchPoint vc="0" uspid="32" ordinal="4" offset="56" sl="26" path="0" offsetend="58" fileid="3" />
                <BranchPoint vc="0" uspid="33" ordinal="5" offset="56" sl="26" path="1" offsetend="65" fileid="3" />
              </BranchPoints>
              <MethodPoint xsi:type="SequencePoint" vc="0" uspid="17" ordinal="0" offset="0" sl="17" sc="9" el="17" ec="10" bec="0" bev="0" fileid="3" />
            </Method>
            <Method visited="false" cyclomaticComplexity="1" nPathComplexity="0" sequenceCoverage="0" branchCoverage="0" crapScore="2" isConstructor="true" isStatic="false" isGetter="false" isSetter="false">
              <Summary numSequencePoints="0" visitedSequencePoints="0" numBranchPoints="0" visitedBranchPoints="0" sequenceCoverage="0" branchCoverage="0" maxCyclomaticComplexity="1" minCyclomaticComplexity="1" maxCrapScore="2" minCrapScore="2" visitedClasses="0" numClasses="0" visitedMethods="0" numMethods="0" />
              <MetadataToken>100663316</MetadataToken>
              <Name>System.Void Exercicio3Reforco.Dominio.Funcionario::.ctor()</Name>
              <SequencePoints />
              <BranchPoints />
              <MethodPoint vc="0" uspid="34" ordinal="0" offset="0" />
            </Method>
          </Methods>
        </Class>
        <Class>
          <Summary numSequencePoints="6" visitedSequencePoints="0" numBranchPoints="5" visitedBranchPoints="0" sequenceCoverage="0" branchCoverage="0" maxCyclomaticComplexity="3" minCyclomaticComplexity="1" maxCrapScore="12" minCrapScore="2" visitedClasses="0" numClasses="1" visitedMethods="0" numMethods="1" />
          <FullName>Exercicio3Reforco.Dominio.Sala</FullName>
          <Methods>
            <Method skippedDueTo="AutoImplementedProperty" visited="false" cyclomaticComplexity="1" nPathComplexity="0" sequenceCoverage="0" branchCoverage="0" crapScore="0" isConstructor="false" isStatic="false" isGetter="true" isSetter="false">
              <MetadataToken>100663317</MetadataToken>
              <Name>System.String Exercicio3Reforco.Dominio.Sala::get_nomeSala()</Name>
              <FileRef uid="4" />
              <SequencePoints />
              <BranchPoints />
            </Method>
            <Method skippedDueTo="AutoImplementedProperty" visited="false" cyclomaticComplexity="1" nPathComplexity="0" sequenceCoverage="0" branchCoverage="0" crapScore="0" isConstructor="false" isStatic="false" isGetter="false" isSetter="true">
              <MetadataToken>100663318</MetadataToken>
              <Name>System.Void Exercicio3Reforco.Dominio.Sala::set_nomeSala(System.String)</Name>
              <FileRef uid="4" />
              <SequencePoints />
              <BranchPoints />
            </Method>
            <Method skippedDueTo="AutoImplementedProperty" visited="false" cyclomaticComplexity="1" nPathComplexity="0" sequenceCoverage="0" branchCoverage="0" crapScore="0" isConstructor="false" isStatic="false" isGetter="true" isSetter="false">
              <MetadataToken>100663319</MetadataToken>
              <Name>System.Int32 Exercicio3Reforco.Dominio.Sala::get_QuantidadeLugares()</Name>
              <FileRef uid="4" />
              <SequencePoints />
              <BranchPoints />
            </Method>
            <Method skippedDueTo="AutoImplementedProperty" visited="false" cyclomaticComplexity="1" nPathComplexity="0" sequenceCoverage="0" branchCoverage="0" crapScore="0" isConstructor="false" isStatic="false" isGetter="false" isSetter="true">
              <MetadataToken>100663320</MetadataToken>
              <Name>System.Void Exercicio3Reforco.Dominio.Sala::set_QuantidadeLugares(System.Int32)</Name>
              <FileRef uid="4" />
              <SequencePoints />
              <BranchPoints />
            </Method>
            <Method visited="false" cyclomaticComplexity="3" nPathComplexity="4" sequenceCoverage="0" branchCoverage="0" crapScore="12" isConstructor="false" isStatic="false" isGetter="false" isSetter="false">
              <Summary numSequencePoints="6" visitedSequencePoints="0" numBranchPoints="5" visitedBranchPoints="0" sequenceCoverage="0" branchCoverage="0" maxCyclomaticComplexity="3" minCyclomaticComplexity="3" maxCrapScore="12" minCrapScore="12" visitedClasses="0" numClasses="0" visitedMethods="0" numMethods="1" />
              <MetadataToken>100663321</MetadataToken>
              <Name>System.Void Exercicio3Reforco.Dominio.Sala::Validar()</Name>
              <FileRef uid="4" />
              <SequencePoints>
                <SequencePoint vc="0" uspid="35" ordinal="0" offset="0" sl="16" sc="9" el="16" ec="10" bec="0" bev="0" fileid="4" />
                <SequencePoint vc="0" uspid="36" ordinal="1" offset="1" sl="17" sc="13" el="17" ec="48" bec="2" bev="0" fileid="4" />
                <SequencePoint vc="0" uspid="37" ordinal="2" offset="16" sl="18" sc="17" el="18" ec="56" bec="0" bev="0" fileid="4" />
                <SequencePoint vc="0" uspid="38" ordinal="3" offset="22" sl="19" sc="13" el="19" ec="40" bec="2" bev="0" fileid="4" />
                <SequencePoint vc="0" uspid="39" ordinal="4" offset="35" sl="20" sc="17" el="20" ec="62" bec="0" bev="0" fileid="4" />
                <SequencePoint vc="0" uspid="40" ordinal="5" offset="41" sl="21" sc="9" el="21" ec="10" bec="0" bev="0" fileid="4" />
              </SequencePoints>
              <BranchPoints>
                <BranchPoint vc="0" uspid="41" ordinal="0" offset="14" sl="17" path="0" offsetend="16" fileid="4" />
                <BranchPoint vc="0" uspid="42" ordinal="1" offset="14" sl="17" path="1" offsetend="22" fileid="4" />
                <BranchPoint vc="0" uspid="43" ordinal="2" offset="33" sl="19" path="0" offsetend="35" fileid="4" />
                <BranchPoint vc="0" uspid="44" ordinal="3" offset="33" sl="19" path="1" offsetend="41" fileid="4" />
              </BranchPoints>
              <MethodPoint xsi:type="SequencePoint" vc="0" uspid="35" ordinal="0" offset="0" sl="16" sc="9" el="16" ec="10" bec="0" bev="0" fileid="4" />
            </Method>
            <Method visited="false" cyclomaticComplexity="1" nPathComplexity="0" sequenceCoverage="0" branchCoverage="0" crapScore="2" isConstructor="true" isStatic="false" isGetter="false" isSetter="false">
              <Summary numSequencePoints="0" visitedSequencePoints="0" numBranchPoints="0" visitedBranchPoints="0" sequenceCoverage="0" branchCoverage="0" maxCyclomaticComplexity="1" minCyclomaticComplexity="1" maxCrapScore="2" minCrapScore="2" visitedClasses="0" numClasses="0" visitedMethods="0" numMethods="0" />
              <MetadataToken>100663322</MetadataToken>
              <Name>System.Void Exercicio3Reforco.Dominio.Sala::.ctor()</Name>
              <SequencePoints />
              <BranchPoints />
              <MethodPoint vc="0" uspid="45" ordinal="0" offset="0" />
            </Method>
          </Methods>
        </Class>
      </Classes>
    </Module>
    <Module hash="4B-30-F3-9A-D5-BD-4C-9C-59-84-1D-48-A9-30-87-A4-70-B2-46-1B">
      <Summary numSequencePoints="60" visitedSequencePoints="28" numBranchPoints="26" visitedBranchPoints="12" sequenceCoverage="46.67" branchCoverage="46.15" maxCyclomaticComplexity="10" minCyclomaticComplexity="1" maxCrapScore="110" minCrapScore="1" visitedClasses="1" numClasses="1" visitedMethods="6" numMethods="8" />
      <ModulePath>C:\Users\Luiz Arndt\Desktop\NDD\Reforço\NDD-Reforco3\NDD-Reforco3.Aplicacao.Teste\bin\Debug\Exercicio3Reforco.Aplicacao.dll</ModulePath>
      <ModuleTime>2018-06-06T07:10:05.3608485Z</ModuleTime>
      <ModuleName>Exercicio3Reforco.Aplicacao</ModuleName>
      <Files>
        <File uid="23" fullPath="C:\Users\Luiz Arndt\Desktop\NDD\Reforço\NDD-Reforco3\Exercicio3Reforco.Aplicacao\Features\Alocacoes\AlocacaoServico.cs" />
      </Files>
      <Classes>
        <Class>
          <Summary numSequencePoints="60" visitedSequencePoints="28" numBranchPoints="26" visitedBranchPoints="12" sequenceCoverage="46.67" branchCoverage="46.15" maxCyclomaticComplexity="10" minCyclomaticComplexity="1" maxCrapScore="110" minCrapScore="1" visitedClasses="1" numClasses="1" visitedMethods="6" numMethods="8" />
          <FullName>Exercicio3Reforco.Aplicacao.AlocacaoServico</FullName>
          <Methods>
            <Method visited="true" cyclomaticComplexity="1" nPathComplexity="0" sequenceCoverage="100" branchCoverage="100" crapScore="1" isConstructor="true" isStatic="false" isGetter="false" isSetter="false">
              <Summary numSequencePoints="4" visitedSequencePoints="4" numBranchPoints="1" visitedBranchPoints="1" sequenceCoverage="100" branchCoverage="100" maxCyclomaticComplexity="1" minCyclomaticComplexity="1" maxCrapScore="1" minCrapScore="1" visitedClasses="0" numClasses="0" visitedMethods="1" numMethods="1" />
              <MetadataToken>100663297</MetadataToken>
              <Name>System.Void Exercicio3Reforco.Aplicacao.AlocacaoServico::.ctor(Exercicio3Reforco.Dominio.Features.Alocacoes.IAlocacaoRepositorio)</Name>
              <FileRef uid="23" />
              <SequencePoints>
                <SequencePoint vc="11" uspid="46" ordinal="0" offset="0" sl="17" sc="9" el="17" ec="65" bec="0" bev="0" fileid="23" />
                <SequencePoint vc="11" uspid="47" ordinal="1" offset="7" sl="18" sc="9" el="18" ec="10" bec="0" bev="0" fileid="23" />
                <SequencePoint vc="11" uspid="48" ordinal="2" offset="8" sl="19" sc="13" el="19" ec="40" bec="0" bev="0" fileid="23" />
                <SequencePoint vc="11" uspid="49" ordinal="3" offset="15" sl="20" sc="9" el="20" ec="10" bec="0" bev="0" fileid="23" />
              </SequencePoints>
              <BranchPoints />
              <MethodPoint xsi:type="SequencePoint" vc="11" uspid="46" ordinal="0" offset="0" sl="17" sc="9" el="17" ec="65" bec="0" bev="0" fileid="23" />
            </Method>
            <Method visited="true" cyclomaticComplexity="1" nPathComplexity="0" sequenceCoverage="100" branchCoverage="100" crapScore="1" isConstructor="false" isStatic="false" isGetter="false" isSetter="false">
              <Summary numSequencePoints="4" visitedSequencePoints="4" numBranchPoints="1" visitedBranchPoints="1" sequenceCoverage="100" branchCoverage="100" maxCyclomaticComplexity="1" minCyclomaticComplexity="1" maxCrapScore="1" minCrapScore="1" visitedClasses="0" numClasses="0" visitedMethods="1" numMethods="1" />
              <MetadataToken>100663298</MetadataToken>
              <Name>Exercicio3Reforco.Dominio.Alocacao Exercicio3Reforco.Aplicacao.AlocacaoServico::Adicionar(Exercicio3Reforco.Dominio.Alocacao)</Name>
              <FileRef uid="23" />
              <SequencePoints>
                <SequencePoint vc="4" uspid="50" ordinal="0" offset="0" sl="23" sc="9" el="23" ec="10" bec="0" bev="0" fileid="23" />
                <SequencePoint vc="4" uspid="51" ordinal="1" offset="1" sl="24" sc="13" el="24" ec="32" bec="0" bev="0" fileid="23" />
                <SequencePoint vc="1" uspid="52" ordinal="2" offset="8" sl="25" sc="13" el="25" ec="64" bec="0" bev="0" fileid="23" />
                <SequencePoint vc="1" uspid="53" ordinal="3" offset="26" sl="26" sc="9" el="26" ec="10" bec="0" bev="0" fileid="23" />
              </SequencePoints>
              <BranchPoints />
              <MethodPoint xsi:type="SequencePoint" vc="4" uspid="50" ordinal="0" offset="0" sl="23" sc="9" el="23" ec="10" bec="0" bev="0" fileid="23" />
            </Method>
            <Method visited="true" cyclomaticComplexity="2" nPathComplexity="2" sequenceCoverage="100" branchCoverage="100" crapScore="2" isConstructor="false" isStatic="false" isGetter="false" isSetter="false">
              <Summary numSequencePoints="7" visitedSequencePoints="7" numBranchPoints="3" visitedBranchPoints="3" sequenceCoverage="100" branchCoverage="100" maxCyclomaticComplexity="2" minCyclomaticComplexity="2" maxCrapScore="2" minCrapScore="2" visitedClasses="0" numClasses="0" visitedMethods="1" numMethods="1" />
              <MetadataToken>100663299</MetadataToken>
              <Name>Exercicio3Reforco.Dominio.Alocacao Exercicio3Reforco.Aplicacao.AlocacaoServico::Atualizar(Exercicio3Reforco.Dominio.Alocacao)</Name>
              <FileRef uid="23" />
              <SequencePoints>
                <SequencePoint vc="2" uspid="54" ordinal="0" offset="0" sl="29" sc="9" el="29" ec="10" bec="0" bev="0" fileid="23" />
                <SequencePoint vc="2" uspid="55" ordinal="1" offset="1" sl="30" sc="13" el="30" ec="32" bec="0" bev="0" fileid="23" />
                <SequencePoint vc="2" uspid="56" ordinal="2" offset="8" sl="31" sc="13" el="31" ec="34" bec="2" bev="2" fileid="23" />
                <SequencePoint vc="1" uspid="57" ordinal="3" offset="22" sl="32" sc="17" el="32" ec="61" bec="0" bev="0" fileid="23" />
                <SequencePoint vc="1" uspid="58" ordinal="4" offset="38" sl="34" sc="17" el="34" ec="58" bec="0" bev="0" fileid="23" />
                <SequencePoint vc="1" uspid="59" ordinal="5" offset="44" sl="35" sc="13" el="35" ec="29" bec="0" bev="0" fileid="23" />
                <SequencePoint vc="1" uspid="60" ordinal="6" offset="48" sl="36" sc="9" el="36" ec="10" bec="0" bev="0" fileid="23" />
              </SequencePoints>
              <BranchPoints>
                <BranchPoint vc="1" uspid="61" ordinal="0" offset="20" sl="31" path="0" offsetend="22" fileid="23" />
                <BranchPoint vc="1" uspid="62" ordinal="1" offset="20" sl="31" path="1" offsetend="38" fileid="23" />
              </BranchPoints>
              <MethodPoint xsi:type="SequencePoint" vc="2" uspid="54" ordinal="0" offset="0" sl="29" sc="9" el="29" ec="10" bec="0" bev="0" fileid="23" />
            </Method>
            <Method visited="true" cyclomaticComplexity="2" nPathComplexity="2" sequenceCoverage="100" branchCoverage="100" crapScore="2" isConstructor="false" isStatic="false" isGetter="false" isSetter="false">
              <Summary numSequencePoints="5" visitedSequencePoints="5" numBranchPoints="3" visitedBranchPoints="3" sequenceCoverage="100" branchCoverage="100" maxCyclomaticComplexity="2" minCyclomaticComplexity="2" maxCrapScore="2" minCrapScore="2" visitedClasses="0" numClasses="0" visitedMethods="1" numMethods="1" />
              <MetadataToken>100663300</MetadataToken>
              <Name>Exercicio3Reforco.Dominio.Alocacao Exercicio3Reforco.Aplicacao.AlocacaoServico::BuscarPorId(System.Int64)</Name>
              <FileRef uid="23" />
              <SequencePoints>
                <SequencePoint vc="2" uspid="63" ordinal="0" offset="0" sl="39" sc="9" el="39" ec="10" bec="0" bev="0" fileid="23" />
                <SequencePoint vc="2" uspid="64" ordinal="1" offset="1" sl="40" sc="13" el="40" ec="25" bec="2" bev="2" fileid="23" />
                <SequencePoint vc="1" uspid="65" ordinal="2" offset="10" sl="41" sc="17" el="41" ec="53" bec="0" bev="0" fileid="23" />
                <SequencePoint vc="1" uspid="66" ordinal="3" offset="25" sl="43" sc="17" el="43" ec="58" bec="0" bev="0" fileid="23" />
                <SequencePoint vc="1" uspid="67" ordinal="4" offset="31" sl="44" sc="9" el="44" ec="10" bec="0" bev="0" fileid="23" />
              </SequencePoints>
              <BranchPoints>
                <BranchPoint vc="1" uspid="68" ordinal="0" offset="8" sl="40" path="0" offsetend="10" fileid="23" />
                <BranchPoint vc="1" uspid="69" ordinal="1" offset="8" sl="40" path="1" offsetend="25" fileid="23" />
              </BranchPoints>
              <MethodPoint xsi:type="SequencePoint" vc="2" uspid="63" ordinal="0" offset="0" sl="39" sc="9" el="39" ec="10" bec="0" bev="0" fileid="23" />
            </Method>
            <Method visited="true" cyclomaticComplexity="1" nPathComplexity="0" sequenceCoverage="100" branchCoverage="100" crapScore="1" isConstructor="false" isStatic="false" isGetter="false" isSetter="false">
              <Summary numSequencePoints="3" visitedSequencePoints="3" numBranchPoints="1" visitedBranchPoints="1" sequenceCoverage="100" branchCoverage="100" maxCyclomaticComplexity="1" minCyclomaticComplexity="1" maxCrapScore="1" minCrapScore="1" visitedClasses="0" numClasses="0" visitedMethods="1" numMethods="1" />
              <MetadataToken>100663301</MetadataToken>
              <Name>System.Collections.Generic.IList`1&lt;Exercicio3Reforco.Dominio.Alocacao&gt; Exercicio3Reforco.Aplicacao.AlocacaoServico::BuscarTodos()</Name>
              <FileRef uid="23" />
              <SequencePoints>
                <SequencePoint vc="1" uspid="70" ordinal="0" offset="0" sl="47" sc="9" el="47" ec="10" bec="0" bev="0" fileid="23" />
                <SequencePoint vc="1" uspid="71" ordinal="1" offset="1" sl="48" sc="13" el="48" ec="47" bec="0" bev="0" fileid="23" />
                <SequencePoint vc="1" uspid="72" ordinal="2" offset="15" sl="49" sc="9" el="49" ec="10" bec="0" bev="0" fileid="23" />
              </SequencePoints>
              <BranchPoints />
              <MethodPoint xsi:type="SequencePoint" vc="1" uspid="70" ordinal="0" offset="0" sl="47" sc="9" el="47" ec="10" bec="0" bev="0" fileid="23" />
            </Method>
            <Method visited="true" cyclomaticComplexity="2" nPathComplexity="2" sequenceCoverage="100" branchCoverage="100" crapScore="2" isConstructor="false" isStatic="false" isGetter="false" isSetter="false">
              <Summary numSequencePoints="5" visitedSequencePoints="5" numBranchPoints="3" visitedBranchPoints="3" sequenceCoverage="100" branchCoverage="100" maxCyclomaticComplexity="2" minCyclomaticComplexity="2" maxCrapScore="2" minCrapScore="2" visitedClasses="0" numClasses="0" visitedMethods="1" numMethods="1" />
              <MetadataToken>100663302</MetadataToken>
              <Name>System.Void Exercicio3Reforco.Aplicacao.AlocacaoServico::Deletar(Exercicio3Reforco.Dominio.Alocacao)</Name>
              <FileRef uid="23" />
              <SequencePoints>
                <SequencePoint vc="2" uspid="73" ordinal="0" offset="0" sl="52" sc="9" el="52" ec="10" bec="0" bev="0" fileid="23" />
                <SequencePoint vc="2" uspid="74" ordinal="1" offset="1" sl="53" sc="13" el="53" ec="34" bec="2" bev="2" fileid="23" />
                <SequencePoint vc="1" uspid="75" ordinal="2" offset="15" sl="54" sc="17" el="54" ec="48" bec="0" bev="0" fileid="23" />
                <SequencePoint vc="1" uspid="76" ordinal="3" offset="30" sl="56" sc="17" el="56" ec="58" bec="0" bev="0" fileid="23" />
                <SequencePoint vc="1" uspid="77" ordinal="4" offset="36" sl="57" sc="9" el="57" ec="10" bec="0" bev="0" fileid="23" />
              </SequencePoints>
              <BranchPoints>
                <BranchPoint vc="1" uspid="78" ordinal="0" offset="13" sl="53" path="0" offsetend="15" fileid="23" />
                <BranchPoint vc="1" uspid="79" ordinal="1" offset="13" sl="53" path="1" offsetend="30" fileid="23" />
              </BranchPoints>
              <MethodPoint xsi:type="SequencePoint" vc="2" uspid="73" ordinal="0" offset="0" sl="52" sc="9" el="52" ec="10" bec="0" bev="0" fileid="23" />
            </Method>
            <Method visited="false" cyclomaticComplexity="10" nPathComplexity="8" sequenceCoverage="0" branchCoverage="0" crapScore="110" isConstructor="false" isStatic="false" isGetter="false" isSetter="false">
              <Summary numSequencePoints="18" visitedSequencePoints="0" numBranchPoints="7" visitedBranchPoints="0" sequenceCoverage="0" branchCoverage="0" maxCyclomaticComplexity="10" minCyclomaticComplexity="10" maxCrapScore="110" minCrapScore="110" visitedClasses="0" numClasses="0" visitedMethods="0" numMethods="1" />
              <MetadataToken>100663303</MetadataToken>
              <Name>Exercicio3Reforco.Dominio.Alocacao Exercicio3Reforco.Aplicacao.AlocacaoServico::ReaLocarSala(Exercicio3Reforco.Dominio.Sala,System.DateTime,Exercicio3Reforco.Dominio.Funcionario,Exercicio3Reforco.Dominio.Sala,System.DateTime)</Name>
              <FileRef uid="23" />
              <SequencePoints>
                <SequencePoint vc="0" uspid="80" ordinal="0" offset="0" sl="59" sc="9" el="59" ec="10" bec="0" bev="0" fileid="23" />
                <SequencePoint vc="0" uspid="81" ordinal="1" offset="1" sl="60" sc="13" el="60" ec="48" bec="0" bev="0" fileid="23" />
                <SequencePoint vc="0" uspid="82" ordinal="2" offset="7" sl="61" sc="13" el="61" ec="72" bec="0" bev="0" fileid="23" />
                <SequencePoint vc="0" uspid="83" ordinal="3" offset="19" sl="62" sc="13" el="62" ec="20" bec="0" bev="0" fileid="23" />
                <SequencePoint vc="0" uspid="84" ordinal="4" offset="20" sl="62" sc="33" el="62" ec="46" bec="0" bev="0" fileid="23" />
                <SequencePoint vc="0" uspid="85" ordinal="5" offset="29" sl="62" sc="21" el="62" ec="29" bec="0" bev="0" fileid="23" />
                <SequencePoint vc="0" uspid="86" ordinal="6" offset="36" sl="63" sc="13" el="63" ec="14" bec="0" bev="0" fileid="23" />
                <SequencePoint vc="0" uspid="87" ordinal="7" offset="37" sl="64" sc="17" el="64" ec="103" bec="6" bev="0" fileid="23" />
                <SequencePoint vc="0" uspid="88" ordinal="8" offset="115" sl="65" sc="17" el="65" ec="18" bec="0" bev="0" fileid="23" />
                <SequencePoint vc="0" uspid="89" ordinal="9" offset="116" sl="66" sc="21" el="66" ec="42" bec="0" bev="0" fileid="23" />
                <SequencePoint vc="0" uspid="90" ordinal="10" offset="125" sl="67" sc="21" el="67" ec="46" bec="0" bev="0" fileid="23" />
                <SequencePoint vc="0" uspid="91" ordinal="11" offset="138" sl="68" sc="21" el="68" ec="37" bec="0" bev="0" fileid="23" />
                <SequencePoint vc="0" uspid="92" ordinal="12" offset="140" sl="69" sc="17" el="69" ec="18" bec="0" bev="0" fileid="23" />
                <SequencePoint vc="0" uspid="93" ordinal="13" offset="141" sl="70" sc="13" el="70" ec="14" bec="0" bev="0" fileid="23" />
                <SequencePoint vc="0" uspid="94" ordinal="14" offset="142" sl="62" sc="30" el="62" ec="32" bec="0" bev="0" fileid="23" />
                <SequencePoint vc="0" uspid="95" ordinal="15" offset="163" sl="71" sc="13" el="71" ec="57" bec="0" bev="0" fileid="23" />
                <SequencePoint vc="0" uspid="96" ordinal="16" offset="176" sl="72" sc="13" el="72" ec="29" bec="0" bev="0" fileid="23" />
                <SequencePoint vc="0" uspid="97" ordinal="17" offset="181" sl="73" sc="9" el="73" ec="10" bec="0" bev="0" fileid="23" />
              </SequencePoints>
              <BranchPoints>
                <BranchPoint vc="0" uspid="100" ordinal="2" offset="64" sl="64" path="0" offsetend="66" fileid="23" />
                <BranchPoint vc="0" uspid="101" ordinal="3" offset="64" sl="64" path="1" offsetend="69" fileid="23" />
                <BranchPoint vc="0" uspid="102" ordinal="4" offset="76" sl="64" path="0" offsetend="78" fileid="23" />
                <BranchPoint vc="0" uspid="103" ordinal="5" offset="76" sl="64" path="1" offsetend="81" fileid="23" />
                <BranchPoint vc="0" uspid="106" ordinal="8" offset="113" sl="64" path="0" offsetend="115" fileid="23" />
                <BranchPoint vc="0" uspid="107" ordinal="9" offset="113" sl="64" path="1" offsetend="141" fileid="23" />
              </BranchPoints>
              <MethodPoint xsi:type="SequencePoint" vc="0" uspid="80" ordinal="0" offset="0" sl="59" sc="9" el="59" ec="10" bec="0" bev="0" fileid="23" />
            </Method>
            <Method visited="false" cyclomaticComplexity="9" nPathComplexity="8" sequenceCoverage="0" branchCoverage="0" crapScore="90" isConstructor="false" isStatic="false" isGetter="false" isSetter="false">
              <Summary numSequencePoints="14" visitedSequencePoints="0" numBranchPoints="7" visitedBranchPoints="0" sequenceCoverage="0" branchCoverage="0" maxCyclomaticComplexity="9" minCyclomaticComplexity="9" maxCrapScore="90" minCrapScore="90" visitedClasses="0" numClasses="0" visitedMethods="0" numMethods="1" />
              <MetadataToken>100663304</MetadataToken>
              <Name>System.Boolean Exercicio3Reforco.Aplicacao.AlocacaoServico::VerificarDisponibilidadeSala(Exercicio3Reforco.Dominio.Sala,System.DateTime)</Name>
              <FileRef uid="23" />
              <SequencePoints>
                <SequencePoint vc="0" uspid="110" ordinal="0" offset="0" sl="76" sc="9" el="76" ec="10" bec="0" bev="0" fileid="23" />
                <SequencePoint vc="0" uspid="111" ordinal="1" offset="1" sl="77" sc="13" el="77" ec="37" bec="0" bev="0" fileid="23" />
                <SequencePoint vc="0" uspid="112" ordinal="2" offset="3" sl="78" sc="13" el="78" ec="72" bec="0" bev="0" fileid="23" />
                <SequencePoint vc="0" uspid="113" ordinal="3" offset="15" sl="79" sc="13" el="79" ec="20" bec="0" bev="0" fileid="23" />
                <SequencePoint vc="0" uspid="114" ordinal="4" offset="16" sl="79" sc="33" el="79" ec="46" bec="0" bev="0" fileid="23" />
                <SequencePoint vc="0" uspid="115" ordinal="5" offset="25" sl="79" sc="21" el="79" ec="29" bec="0" bev="0" fileid="23" />
                <SequencePoint vc="0" uspid="116" ordinal="6" offset="32" sl="80" sc="13" el="80" ec="14" bec="0" bev="0" fileid="23" />
                <SequencePoint vc="0" uspid="117" ordinal="7" offset="33" sl="81" sc="17" el="81" ec="68" bec="6" bev="0" fileid="23" />
                <SequencePoint vc="0" uspid="118" ordinal="8" offset="100" sl="82" sc="21" el="82" ec="41" bec="0" bev="0" fileid="23" />
                <SequencePoint vc="0" uspid="119" ordinal="9" offset="104" sl="84" sc="21" el="84" ec="40" bec="0" bev="0" fileid="23" />
                <SequencePoint vc="0" uspid="120" ordinal="10" offset="106" sl="85" sc="13" el="85" ec="14" bec="0" bev="0" fileid="23" />
                <SequencePoint vc="0" uspid="121" ordinal="11" offset="107" sl="79" sc="30" el="79" ec="32" bec="0" bev="0" fileid="23" />
                <SequencePoint vc="0" uspid="122" ordinal="12" offset="128" sl="86" sc="13" el="86" ec="31" bec="0" bev="0" fileid="23" />
                <SequencePoint vc="0" uspid="123" ordinal="13" offset="133" sl="87" sc="9" el="87" ec="10" bec="0" bev="0" fileid="23" />
              </SequencePoints>
              <BranchPoints>
                <BranchPoint vc="0" uspid="126" ordinal="2" offset="60" sl="81" path="0" offsetend="62" fileid="23" />
                <BranchPoint vc="0" uspid="127" ordinal="3" offset="60" sl="81" path="1" offsetend="65" fileid="23" />
                <BranchPoint vc="0" uspid="128" ordinal="4" offset="72" sl="81" path="0" offsetend="74" fileid="23" />
                <BranchPoint vc="0" uspid="129" ordinal="5" offset="72" sl="81" path="1" offsetend="77" fileid="23" />
                <BranchPoint vc="0" uspid="130" ordinal="6" offset="98" sl="81" path="0" offsetend="100" fileid="23" />
                <BranchPoint vc="0" uspid="131" ordinal="7" offset="98" sl="81" path="1" offsetend="104" fileid="23" />
              </BranchPoints>
              <MethodPoint xsi:type="SequencePoint" vc="0" uspid="110" ordinal="0" offset="0" sl="76" sc="9" el="76" ec="10" bec="0" bev="0" fileid="23" />
            </Method>
          </Methods>
        </Class>
      </Classes>
    </Module>
  </Modules>
</CoverageSession>